e:\desktop\abc\mfc_chatroom\chatserver\chatserver\debug\chatserver.pch
e:\desktop\abc\mfc_chatroom\chatserver\chatserver\debug\vc140.pdb
e:\desktop\abc\mfc_chatroom\chatserver\chatserver\debug\vc140.idb
e:\desktop\abc\mfc_chatroom\chatserver\chatserver\debug\stdafx.obj
e:\desktop\abc\mfc_chatroom\chatserver\chatserver\debug\chatserver.obj
e:\desktop\abc\mfc_chatroom\chatserver\chatserver\debug\chatserverdlg.obj
e:\desktop\abc\mfc_chatroom\chatserver\chatserver\debug\clientsocket.obj
e:\desktop\abc\mfc_chatroom\chatserver\chatserver\debug\listensocket.obj
e:\desktop\abc\mfc_chatroom\chatserver\chatserver\debug\deletememberdlg.obj
e:\desktop\abc\mfc_chatroom\chatserver\debug\chatserver.ilk
e:\desktop\abc\mfc_chatroom\chatserver\debug\chatserver.exe
e:\desktop\abc\mfc_chatroom\chatserver\debug\chatserver.pdb
e:\desktop\abc\mfc_chatroom\chatserver\chatserver\debug\chatserver.res
e:\desktop\abc\mfc_chatroom\chatserver\chatserver\debug\chatserver.tlog\cl.command.1.tlog
e:\desktop\abc\mfc_chatroom\chatserver\chatserver\debug\chatserver.tlog\cl.read.1.tlog
e:\desktop\abc\mfc_chatroom\chatserver\chatserver\debug\chatserver.tlog\cl.write.1.tlog
e:\desktop\abc\mfc_chatroom\chatserver\chatserver\debug\chatserver.tlog\link.command.1.tlog
e:\desktop\abc\mfc_chatroom\chatserver\chatserver\debug\chatserver.tlog\link.read.1.tlog
e:\desktop\abc\mfc_chatroom\chatserver\chatserver\debug\chatserver.tlog\link.write.1.tlog
e:\desktop\abc\mfc_chatroom\chatserver\chatserver\debug\chatserver.tlog\rc.command.1.tlog
e:\desktop\abc\mfc_chatroom\chatserver\chatserver\debug\chatserver.tlog\rc.read.1.tlog
e:\desktop\abc\mfc_chatroom\chatserver\chatserver\debug\chatserver.tlog\rc.write.1.tlog
