e:\desktop\abc\mfc_chatroom\chatclient\chatclient\debug\chatclient.pch
e:\desktop\abc\mfc_chatroom\chatclient\chatclient\debug\vc140.pdb
e:\desktop\abc\mfc_chatroom\chatclient\chatclient\debug\vc140.idb
e:\desktop\abc\mfc_chatroom\chatclient\chatclient\debug\stdafx.obj
e:\desktop\abc\mfc_chatroom\chatclient\chatclient\debug\chatclient.obj
e:\desktop\abc\mfc_chatroom\chatclient\chatclient\debug\chatclientdlg.obj
e:\desktop\abc\mfc_chatroom\chatclient\chatclient\debug\clientsocket.obj
e:\desktop\abc\mfc_chatroom\chatclient\debug\chatclient.ilk
e:\desktop\abc\mfc_chatroom\chatclient\debug\chatclient.exe
e:\desktop\abc\mfc_chatroom\chatclient\debug\chatclient.pdb
e:\desktop\abc\mfc_chatroom\chatclient\chatclient\debug\chatclient.res
e:\desktop\abc\mfc_chatroom\chatclient\chatclient\debug\chatclient.tlog\cl.command.1.tlog
e:\desktop\abc\mfc_chatroom\chatclient\chatclient\debug\chatclient.tlog\cl.read.1.tlog
e:\desktop\abc\mfc_chatroom\chatclient\chatclient\debug\chatclient.tlog\cl.write.1.tlog
e:\desktop\abc\mfc_chatroom\chatclient\chatclient\debug\chatclient.tlog\link.command.1.tlog
e:\desktop\abc\mfc_chatroom\chatclient\chatclient\debug\chatclient.tlog\link.read.1.tlog
e:\desktop\abc\mfc_chatroom\chatclient\chatclient\debug\chatclient.tlog\link.write.1.tlog
e:\desktop\abc\mfc_chatroom\chatclient\chatclient\debug\chatclient.tlog\rc.command.1.tlog
e:\desktop\abc\mfc_chatroom\chatclient\chatclient\debug\chatclient.tlog\rc.read.1.tlog
e:\desktop\abc\mfc_chatroom\chatclient\chatclient\debug\chatclient.tlog\rc.write.1.tlog
